<?xml version="1.0" encoding="UTF-8"?>
<testsuite xmlns:xsi="http://www.w3.org/2001/XMLSchema-instance" xsi:noNamespaceSchemaLocation="https://maven.apache.org/surefire/maven-surefire-plugin/xsd/surefire-test-report-3.0.xsd" version="3.0" name="com.example.test.ComprehensiveSystemTest" time="0.285" tests="6" errors="0" skipped="0" failures="0">
  <properties>
[...]
</properties>
  <testcase name="testPatientDiagnosisStructure" classname="com.example.test.ComprehensiveSystemTest" time="0.213">
    <system-out><![CDATA[Testing Patient Diagnosis Structure...
✓ Patient diagnosis structure verified
Test completed.

]]></system-out>
  </testcase>
  <testcase name="testDoctorAvailability" classname="com.example.test.ComprehensiveSystemTest" time="0.008">
    <system-out><![CDATA[Testing Doctor Availability...
Found 7 doctors available for booking
✓ Doctor availability structure verified
Test completed.

]]></system-out>
  </testcase>
  <testcase name="testSystemIntegration" classname="com.example.test.ComprehensiveSystemTest" time="0.01">
    <system-out><![CDATA[Testing System Integration...
✓ System integration verified
Test completed.

]]></system-out>
  </testcase>
  <testcase name="testDiagnosisCreation" classname="com.example.test.ComprehensiveSystemTest" time="0.012">
    <system-out><![CDATA[Testing Diagnosis Creation...
✓ Diagnosis creation working correctly
Test completed.

]]></system-out>
  </testcase>
  <testcase name="testAppointmentTimeValidation" classname="com.example.test.ComprehensiveSystemTest" time="0.008">
    <system-out><![CDATA[Testing Appointment Time Validation...
✓ Appointment time validation working correctly
Test completed.

]]></system-out>
  </testcase>
  <testcase name="testTimeConflictDetection" classname="com.example.test.ComprehensiveSystemTest" time="0.009">
    <system-out><![CDATA[Testing Time Conflict Detection...
✓ Time conflict detection working correctly
Test completed.

]]></system-out>
  </testcase>
</testsuite>